<?xml version="1.0" encoding="UTF-8"?>
<!-- Generated by org.testng.reporters.JUnitReportReporter -->
<testsuite hostname="zhou-PC" name="TechTest" tests="2" failures="0" timestamp="7 Mar 2019 13:26:25 GMT" time="96.440" errors="0">
  <testcase name="test" time="48.211" classname="TechTest"/>
  <testcase name="test" time="48.229" classname="TechTest"/>
</testsuite> <!-- TechTest -->
