<?xml version="1.0" encoding="UTF-8"?>
<!-- Generated by org.testng.reporters.JUnitReportReporter -->
<testsuite hostname="zhou-PC" name="TechTest" tests="2" failures="0" timestamp="7 Mar 2019 14:53:05 GMT" time="23.459" errors="0">
  <testcase name="test" time="22.956" classname="TechTest"/>
  <testcase name="test" time="0.503" classname="TechTest"/>
</testsuite> <!-- TechTest -->
